<?xml version="1.0" encoding="UTF-8"?>
<!-- Generated by org.testng.reporters.JUnitXMLReporter -->
<testsuite hostname="WPURS71515L" ignored="0" name="Default test" tests="2" failures="0" timestamp="2021-03-02T19:16:22 IST" time="48.885" errors="0">
  <testcase name="LaunchBrowser" time="2.859" classname="com.AdvancedTopics.ExtentReport_WithScreenshot"/>
  <testcase name="OrangeHRM_Login" time="43.922" classname="com.AdvancedTopics.ExtentReport_WithScreenshot"/>
</testsuite> <!-- Default test -->
