<?xml version="1.0" encoding="UTF-8"?>
<testng-results skipped="0" failed="0" total="1" passed="1">
  <reporter-output>
  </reporter-output>
  <suite name="Suite" duration-ms="14683" started-at="2021-03-03T08:39:57Z" finished-at="2021-03-03T08:40:12Z">
    <groups>
    </groups>
    <test name="Test" duration-ms="14683" started-at="2021-03-03T08:39:57Z" finished-at="2021-03-03T08:40:12Z">
      <class name="com.HDFC.HDFC_NetBanking">
        <test-method status="PASS" signature="LaunchBrowser()[pri:0, instance:com.HDFC.HDFC_NetBanking@5a61f5df]" name="LaunchBrowser" is-config="true" duration-ms="12588" started-at="2021-03-03T14:09:57Z" finished-at="2021-03-03T14:10:10Z">
          <reporter-output>
          </reporter-output>
        </test-method> <!-- LaunchBrowser -->
        <test-method status="PASS" signature="EnterCustomerID()[pri:0, instance:com.HDFC.HDFC_NetBanking@5a61f5df]" name="EnterCustomerID" duration-ms="1399" started-at="2021-03-03T14:10:10Z" finished-at="2021-03-03T14:10:11Z">
          <reporter-output>
          </reporter-output>
        </test-method> <!-- EnterCustomerID -->
        <test-method status="PASS" signature="CloseBrowser()[pri:0, instance:com.HDFC.HDFC_NetBanking@5a61f5df]" name="CloseBrowser" is-config="true" duration-ms="680" started-at="2021-03-03T14:10:11Z" finished-at="2021-03-03T14:10:12Z">
          <reporter-output>
          </reporter-output>
        </test-method> <!-- CloseBrowser -->
      </class> <!-- com.HDFC.HDFC_NetBanking -->
    </test> <!-- Test -->
  </suite> <!-- Suite -->
</testng-results>
