<?xml version="1.0" encoding="UTF-8"?>
<!-- Generated by org.testng.reporters.JUnitXMLReporter -->
<testsuite hostname="WPURS71515L" ignored="0" name="ChromeTest" tests="3" failures="0" timestamp="2021-02-24T12:36:34 IST" time="53.952" errors="0">
  <testcase name="OrangeHRM_Login" time="31.988" classname="com.OrangeHRM.CrossBrowser_Testing"/>
  <testcase name="OrangeHRM_Login" time="8.418" classname="com.OrangeHRM.CrossBrowser_Testing"/>
  <testcase name="OrangeHRM_Login" time="8.413" classname="com.OrangeHRM.CrossBrowser_Testing"/>
</testsuite> <!-- ChromeTest -->
