<?xml version="1.0" encoding="UTF-8"?>
<!-- Generated by org.testng.reporters.JUnitXMLReporter -->
<testsuite hostname="WPURS71515L" ignored="0" name="EdgeTest" tests="3" failures="0" timestamp="2021-02-24T12:36:33 IST" time="53.746" errors="0">
  <testcase name="OrangeHRM_Login" time="29.039" classname="com.OrangeHRM.CrossBrowser_Testing"/>
  <testcase name="OrangeHRM_Login" time="10.31" classname="com.OrangeHRM.CrossBrowser_Testing"/>
  <testcase name="OrangeHRM_Login" time="8.693" classname="com.OrangeHRM.CrossBrowser_Testing"/>
</testsuite> <!-- EdgeTest -->
